빌드 시작: 2015-10-30 오후 2:39:40
     1>2 노드의 "F:\Sample\zlib-1.2.3_1\projects\visualc6\zlib.vcxproj" 프로젝트(rebuild 대상)입니다.
     1>InitializeBuildStatus:
         "AlwaysCreate"이(가) 지정되었기 때문에 ".\Win32_DLL_Debug\zlib.unsuccessfulbuild"을(를) 만들고 있습니다.
       ClCompile:
         C:\Program Files (x86)\Microsoft Visual Studio 10.0\VC\bin\CL.exe /c /ZI /nologo /W3 /WX- /Od /Oy- /D WIN32 /D _DEBUG /D _VC80_UPGRADE=0x0600 /D _WINDLL /Gm /EHsc /RTC1 /MDd /GS /Gy- /fp:precise /Zc:wchar_t /Zc:forScope /Fo".\Win32_DLL_Debug\\" /Fd".\Win32_DLL_Debug\vc100.pdb" /Gd /TC /analyze- /errorReport:prompt ..\..\adler32.c ..\..\compress.c ..\..\crc32.c ..\..\deflate.c ..\..\gzio.c ..\..\infback.c ..\..\inffast.c ..\..\inflate.c ..\..\inftrees.c ..\..\trees.c ..\..\uncompr.c ..\..\zutil.c
         zutil.c
     1>f:\sample\zlib-1.2.3_1\zconf.h(289): fatal error C1083: 포함 파일을 열 수 없습니다. 'unistd.h': No such file or directory
         uncompr.c
     1>f:\sample\zlib-1.2.3_1\zconf.h(289): fatal error C1083: 포함 파일을 열 수 없습니다. 'unistd.h': No such file or directory
         trees.c
     1>f:\sample\zlib-1.2.3_1\zconf.h(289): fatal error C1083: 포함 파일을 열 수 없습니다. 'unistd.h': No such file or directory
         inftrees.c
     1>f:\sample\zlib-1.2.3_1\zconf.h(289): fatal error C1083: 포함 파일을 열 수 없습니다. 'unistd.h': No such file or directory
         inflate.c
     1>f:\sample\zlib-1.2.3_1\zconf.h(289): fatal error C1083: 포함 파일을 열 수 없습니다. 'unistd.h': No such file or directory
         inffast.c
     1>f:\sample\zlib-1.2.3_1\zconf.h(289): fatal error C1083: 포함 파일을 열 수 없습니다. 'unistd.h': No such file or directory
         infback.c
     1>f:\sample\zlib-1.2.3_1\zconf.h(289): fatal error C1083: 포함 파일을 열 수 없습니다. 'unistd.h': No such file or directory
         gzio.c
     1>f:\sample\zlib-1.2.3_1\zconf.h(289): fatal error C1083: 포함 파일을 열 수 없습니다. 'unistd.h': No such file or directory
         deflate.c
     1>f:\sample\zlib-1.2.3_1\zconf.h(289): fatal error C1083: 포함 파일을 열 수 없습니다. 'unistd.h': No such file or directory
         crc32.c
     1>f:\sample\zlib-1.2.3_1\zconf.h(289): fatal error C1083: 포함 파일을 열 수 없습니다. 'unistd.h': No such file or directory
         compress.c
     1>f:\sample\zlib-1.2.3_1\zconf.h(289): fatal error C1083: 포함 파일을 열 수 없습니다. 'unistd.h': No such file or directory
         adler32.c
     1>f:\sample\zlib-1.2.3_1\zconf.h(289): fatal error C1083: 포함 파일을 열 수 없습니다. 'unistd.h': No such file or directory
         코드를 생성하고 있습니다...
     1>"F:\Sample\zlib-1.2.3_1\projects\visualc6\zlib.vcxproj" 프로젝트를 빌드했습니다(rebuild 대상). - 실패

빌드하지 못했습니다.

경과 시간: 00:00:00.24
